# JRE version: OpenJDK Runtime Environment Temurin-17.0.10+7 (17.0.10+7) (build 17.0.10+7)
# Java VM: OpenJDK 64-Bit Server VM Temurin-17.0.10+7 (17.0.10+7, mixed mode, emulated-client, tiered, compressed oops, compressed class ptrs, g1 gc, windows-amd64)
GC Precious Log:
 CPUs: 12 total, 12 available
 Memory: 7798M
 Large Page Support: Disabled
 NUMA Support: Disabled
 Compressed Oops: Enabled (32-bit)
 Heap Region Size: 1M
 Heap Min Capacity: 8M
 Heap Initial Capacity: 122M
 Heap Max Capacity: 1G
 Pre-touch: Disabled
 Parallel Workers: 10
 Concurrent Workers: 3
 Concurrent Refinement Workers: 10
 Periodic GC: Disabled
Heap:
 garbage-first heap   total 106496K, used 38320K [0x00000000c0000000, 0x0000000100000000)
  region size 1024K, 1 young (1024K), 0 survivors (0K)
 Metaspace       used 58837K, committed 59264K, reserved 1114112K
  class space    used 7314K, committed 7488K, reserved 1048576K
GC Heap History (20 events):
Event: 1452.773 GC heap before
{Heap before GC invocations=148 (full 124):
 garbage-first heap   total 106496K, used 38320K [0x00000000c0000000, 0x0000000100000000)
  region size 1024K, 1 young (1024K), 0 survivors (0K)
 Metaspace       used 58837K, committed 59264K, reserved 1114112K
  class space    used 7314K, committed 7488K, reserved 1048576K
}
Event: 1452.799 GC heap after
{Heap after GC invocations=149 (full 125):
 garbage-first heap   total 106496K, used 38320K [0x00000000c0000000, 0x0000000100000000)
  region size 1024K, 0 young (0K), 0 survivors (0K)
 Metaspace       used 58837K, committed 59264K, reserved 1114112K
  class space    used 7314K, committed 7488K, reserved 1048576K
}
Event: 1462.918 GC heap before
{Heap before GC invocations=149 (full 125):
 garbage-first heap   total 106496K, used 38320K [0x00000000c0000000, 0x0000000100000000)
  region size 1024K, 1 young (1024K), 0 survivors (0K)
 Metaspace       used 58837K, committed 59264K, reserved 1114112K
  class space    used 7314K, committed 7488K, reserved 1048576K
}
Event: 1462.943 GC heap after
{Heap after GC invocations=150 (full 126):
 garbage-first heap   total 106496K, used 38320K [0x00000000c0000000, 0x0000000100000000)
  region size 1024K, 0 young (0K), 0 survivors (0K)
 Metaspace       used 58837K, committed 59264K, reserved 1114112K
  class space    used 7314K, committed 7488K, reserved 1048576K
}
Event: 1473.080 GC heap before
{Heap before GC invocations=150 (full 126):
 garbage-first heap   total 106496K, used 38320K [0x00000000c0000000, 0x0000000100000000)
  region size 1024K, 1 young (1024K), 0 survivors (0K)
 Metaspace       used 58837K, committed 59264K, reserved 1114112K
  class space    used 7314K, committed 7488K, reserved 1048576K
}
Event: 1473.108 GC heap after
{Heap after GC invocations=151 (full 127):
 garbage-first heap   total 106496K, used 38320K [0x00000000c0000000, 0x0000000100000000)
  region size 1024K, 0 young (0K), 0 survivors (0K)
 Metaspace       used 58837K, committed 59264K, reserved 1114112K
  class space    used 7314K, committed 7488K, reserved 1048576K
}
Event: 1483.261 GC heap before
{Heap before GC invocations=151 (full 127):
 garbage-first heap   total 106496K, used 38320K [0x00000000c0000000, 0x0000000100000000)
  region size 1024K, 1 young (1024K), 0 survivors (0K)
 Metaspace       used 58837K, committed 59264K, reserved 1114112K
  class space    used 7314K, committed 7488K, reserved 1048576K
}
Event: 1483.293 GC heap after
{Heap after GC invocations=152 (full 128):
 garbage-first heap   total 106496K, used 38320K [0x00000000c0000000, 0x0000000100000000)
  region size 1024K, 0 young (0K), 0 survivors (0K)
 Metaspace       used 58837K, committed 59264K, reserved 1114112K
  class space    used 7314K, committed 7488K, reserved 1048576K
}
Event: 1493.449 GC heap before
{Heap before GC invocations=152 (full 128):
 garbage-first heap   total 106496K, used 38320K [0x00000000c0000000, 0x0000000100000000)
  region size 1024K, 1 young (1024K), 0 survivors (0K)
 Metaspace       used 58837K, committed 59264K, reserved 1114112K
  class space    used 7314K, committed 7488K, reserved 1048576K
}
Event: 1493.493 GC heap after
{Heap after GC invocations=153 (full 129):
 garbage-first heap   total 106496K, used 38320K [0x00000000c0000000, 0x0000000100000000)
  region size 1024K, 0 young (0K), 0 survivors (0K)
 Metaspace       used 58837K, committed 59264K, reserved 1114112K
  class space    used 7314K, committed 7488K, reserved 1048576K
}
Event: 1503.611 GC heap before
{Heap before GC invocations=153 (full 129):
 garbage-first heap   total 106496K, used 38320K [0x00000000c0000000, 0x0000000100000000)
  region size 1024K, 1 young (1024K), 0 survivors (0K)
 Metaspace       used 58837K, committed 59264K, reserved 1114112K
  class space    used 7314K, committed 7488K, reserved 1048576K
}
Event: 1503.638 GC heap after
{Heap after GC invocations=154 (full 130):
 garbage-first heap   total 106496K, used 38320K [0x00000000c0000000, 0x0000000100000000)
  region size 1024K, 0 young (0K), 0 survivors (0K)
 Metaspace       used 58837K, committed 59264K, reserved 1114112K
  class space    used 7314K, committed 7488K, reserved 1048576K
}
Event: 1513.803 GC heap before
{Heap before GC invocations=154 (full 130):
 garbage-first heap   total 106496K, used 38320K [0x00000000c0000000, 0x0000000100000000)
  region size 1024K, 1 young (1024K), 0 survivors (0K)
 Metaspace       used 58837K, committed 59264K, reserved 1114112K
  class space    used 7314K, committed 7488K, reserved 1048576K
}
Event: 1513.831 GC heap after
{Heap after GC invocations=155 (full 131):
 garbage-first heap   total 106496K, used 38320K [0x00000000c0000000, 0x0000000100000000)
  region size 1024K, 0 young (0K), 0 survivors (0K)
 Metaspace       used 58837K, committed 59264K, reserved 1114112K
  class space    used 7314K, committed 7488K, reserved 1048576K
}
Event: 1523.956 GC heap before
{Heap before GC invocations=155 (full 131):
 garbage-first heap   total 106496K, used 38320K [0x00000000c0000000, 0x0000000100000000)
  region size 1024K, 1 young (1024K), 0 survivors (0K)
 Metaspace       used 58837K, committed 59264K, reserved 1114112K
  class space    used 7314K, committed 7488K, reserved 1048576K
}
Event: 1523.983 GC heap after
{Heap after GC invocations=156 (full 132):
 garbage-first heap   total 106496K, used 38320K [0x00000000c0000000, 0x0000000100000000)
  region size 1024K, 0 young (0K), 0 survivors (0K)
 Metaspace       used 58837K, committed 59264K, reserved 1114112K
  class space    used 7314K, committed 7488K, reserved 1048576K
}
Event: 1534.116 GC heap before
{Heap before GC invocations=156 (full 132):
 garbage-first heap   total 106496K, used 38320K [0x00000000c0000000, 0x0000000100000000)
  region size 1024K, 1 young (1024K), 0 survivors (0K)
 Metaspace       used 58837K, committed 59264K, reserved 1114112K
  class space    used 7314K, committed 7488K, reserved 1048576K
}
Event: 1534.143 GC heap after
{Heap after GC invocations=157 (full 133):
 garbage-first heap   total 106496K, used 38320K [0x00000000c0000000, 0x0000000100000000)
  region size 1024K, 0 young (0K), 0 survivors (0K)
 Metaspace       used 58837K, committed 59264K, reserved 1114112K
  class space    used 7314K, committed 7488K, reserved 1048576K
}
Event: 1544.264 GC heap before
{Heap before GC invocations=157 (full 133):
 garbage-first heap   total 106496K, used 38320K [0x00000000c0000000, 0x0000000100000000)
  region size 1024K, 1 young (1024K), 0 survivors (0K)
 Metaspace       used 58837K, committed 59264K, reserved 1114112K
  class space    used 7314K, committed 7488K, reserved 1048576K
}
Event: 1544.290 GC heap after
{Heap after GC invocations=158 (full 134):
 garbage-first heap   total 106496K, used 38320K [0x00000000c0000000, 0x0000000100000000)
  region size 1024K, 0 young (0K), 0 survivors (0K)
 Metaspace       used 58837K, committed 59264K, reserved 1114112K
  class space    used 7314K, committed 7488K, reserved 1048576K
}

