# JRE version: OpenJDK Runtime Environment Temurin-17.0.10+7 (17.0.10+7) (build 17.0.10+7)
# Java VM: OpenJDK 64-Bit Server VM Temurin-17.0.10+7 (17.0.10+7, mixed mode, emulated-client, tiered, compressed oops, compressed class ptrs, g1 gc, windows-amd64)
GC Precious Log:
 CPUs: 12 total, 12 available
 Memory: 7798M
 Large Page Support: Disabled
 NUMA Support: Disabled
 Compressed Oops: Enabled (32-bit)
 Heap Region Size: 1M
 Heap Min Capacity: 8M
 Heap Initial Capacity: 122M
 Heap Max Capacity: 1G
 Pre-touch: Disabled
 Parallel Workers: 10
 Concurrent Workers: 3
 Concurrent Refinement Workers: 10
 Periodic GC: Disabled
Heap:
 garbage-first heap   total 91136K, used 39650K [0x00000000c0000000, 0x0000000100000000)
  region size 1024K, 1 young (1024K), 0 survivors (0K)
 Metaspace       used 61179K, committed 61760K, reserved 1114112K
  class space    used 7678K, committed 7936K, reserved 1048576K
GC Heap History (20 events):
Event: 3858.282 GC heap before
{Heap before GC invocations=357 (full 334):
 garbage-first heap   total 91136K, used 39650K [0x00000000c0000000, 0x0000000100000000)
  region size 1024K, 1 young (1024K), 0 survivors (0K)
 Metaspace       used 61179K, committed 61760K, reserved 1114112K
  class space    used 7678K, committed 7936K, reserved 1048576K
}
Event: 3858.309 GC heap after
{Heap after GC invocations=358 (full 335):
 garbage-first heap   total 91136K, used 39650K [0x00000000c0000000, 0x0000000100000000)
  region size 1024K, 0 young (0K), 0 survivors (0K)
 Metaspace       used 61179K, committed 61760K, reserved 1114112K
  class space    used 7678K, committed 7936K, reserved 1048576K
}
Event: 3868.422 GC heap before
{Heap before GC invocations=358 (full 335):
 garbage-first heap   total 91136K, used 39650K [0x00000000c0000000, 0x0000000100000000)
  region size 1024K, 1 young (1024K), 0 survivors (0K)
 Metaspace       used 61179K, committed 61760K, reserved 1114112K
  class space    used 7678K, committed 7936K, reserved 1048576K
}
Event: 3868.453 GC heap after
{Heap after GC invocations=359 (full 336):
 garbage-first heap   total 91136K, used 39650K [0x00000000c0000000, 0x0000000100000000)
  region size 1024K, 0 young (0K), 0 survivors (0K)
 Metaspace       used 61179K, committed 61760K, reserved 1114112K
  class space    used 7678K, committed 7936K, reserved 1048576K
}
Event: 3878.576 GC heap before
{Heap before GC invocations=359 (full 336):
 garbage-first heap   total 91136K, used 39650K [0x00000000c0000000, 0x0000000100000000)
  region size 1024K, 1 young (1024K), 0 survivors (0K)
 Metaspace       used 61179K, committed 61760K, reserved 1114112K
  class space    used 7678K, committed 7936K, reserved 1048576K
}
Event: 3878.605 GC heap after
{Heap after GC invocations=360 (full 337):
 garbage-first heap   total 91136K, used 39650K [0x00000000c0000000, 0x0000000100000000)
  region size 1024K, 0 young (0K), 0 survivors (0K)
 Metaspace       used 61179K, committed 61760K, reserved 1114112K
  class space    used 7678K, committed 7936K, reserved 1048576K
}
Event: 3888.793 GC heap before
{Heap before GC invocations=360 (full 337):
 garbage-first heap   total 91136K, used 39650K [0x00000000c0000000, 0x0000000100000000)
  region size 1024K, 1 young (1024K), 0 survivors (0K)
 Metaspace       used 61179K, committed 61760K, reserved 1114112K
  class space    used 7678K, committed 7936K, reserved 1048576K
}
Event: 3888.822 GC heap after
{Heap after GC invocations=361 (full 338):
 garbage-first heap   total 91136K, used 39650K [0x00000000c0000000, 0x0000000100000000)
  region size 1024K, 0 young (0K), 0 survivors (0K)
 Metaspace       used 61179K, committed 61760K, reserved 1114112K
  class space    used 7678K, committed 7936K, reserved 1048576K
}
Event: 3898.924 GC heap before
{Heap before GC invocations=361 (full 338):
 garbage-first heap   total 91136K, used 39650K [0x00000000c0000000, 0x0000000100000000)
  region size 1024K, 1 young (1024K), 0 survivors (0K)
 Metaspace       used 61179K, committed 61760K, reserved 1114112K
  class space    used 7678K, committed 7936K, reserved 1048576K
}
Event: 3898.950 GC heap after
{Heap after GC invocations=362 (full 339):
 garbage-first heap   total 91136K, used 39650K [0x00000000c0000000, 0x0000000100000000)
  region size 1024K, 0 young (0K), 0 survivors (0K)
 Metaspace       used 61179K, committed 61760K, reserved 1114112K
  class space    used 7678K, committed 7936K, reserved 1048576K
}
Event: 3909.064 GC heap before
{Heap before GC invocations=362 (full 339):
 garbage-first heap   total 91136K, used 39650K [0x00000000c0000000, 0x0000000100000000)
  region size 1024K, 1 young (1024K), 0 survivors (0K)
 Metaspace       used 61179K, committed 61760K, reserved 1114112K
  class space    used 7678K, committed 7936K, reserved 1048576K
}
Event: 3909.093 GC heap after
{Heap after GC invocations=363 (full 340):
 garbage-first heap   total 91136K, used 39650K [0x00000000c0000000, 0x0000000100000000)
  region size 1024K, 0 young (0K), 0 survivors (0K)
 Metaspace       used 61179K, committed 61760K, reserved 1114112K
  class space    used 7678K, committed 7936K, reserved 1048576K
}
Event: 3919.208 GC heap before
{Heap before GC invocations=363 (full 340):
 garbage-first heap   total 91136K, used 39650K [0x00000000c0000000, 0x0000000100000000)
  region size 1024K, 1 young (1024K), 0 survivors (0K)
 Metaspace       used 61179K, committed 61760K, reserved 1114112K
  class space    used 7678K, committed 7936K, reserved 1048576K
}
Event: 3919.237 GC heap after
{Heap after GC invocations=364 (full 341):
 garbage-first heap   total 91136K, used 39650K [0x00000000c0000000, 0x0000000100000000)
  region size 1024K, 0 young (0K), 0 survivors (0K)
 Metaspace       used 61179K, committed 61760K, reserved 1114112K
  class space    used 7678K, committed 7936K, reserved 1048576K
}
Event: 3929.347 GC heap before
{Heap before GC invocations=364 (full 341):
 garbage-first heap   total 91136K, used 39650K [0x00000000c0000000, 0x0000000100000000)
  region size 1024K, 1 young (1024K), 0 survivors (0K)
 Metaspace       used 61179K, committed 61760K, reserved 1114112K
  class space    used 7678K, committed 7936K, reserved 1048576K
}
Event: 3929.374 GC heap after
{Heap after GC invocations=365 (full 342):
 garbage-first heap   total 91136K, used 39650K [0x00000000c0000000, 0x0000000100000000)
  region size 1024K, 0 young (0K), 0 survivors (0K)
 Metaspace       used 61179K, committed 61760K, reserved 1114112K
  class space    used 7678K, committed 7936K, reserved 1048576K
}
Event: 3939.480 GC heap before
{Heap before GC invocations=365 (full 342):
 garbage-first heap   total 91136K, used 39650K [0x00000000c0000000, 0x0000000100000000)
  region size 1024K, 1 young (1024K), 0 survivors (0K)
 Metaspace       used 61179K, committed 61760K, reserved 1114112K
  class space    used 7678K, committed 7936K, reserved 1048576K
}
Event: 3939.505 GC heap after
{Heap after GC invocations=366 (full 343):
 garbage-first heap   total 91136K, used 39650K [0x00000000c0000000, 0x0000000100000000)
  region size 1024K, 0 young (0K), 0 survivors (0K)
 Metaspace       used 61179K, committed 61760K, reserved 1114112K
  class space    used 7678K, committed 7936K, reserved 1048576K
}
Event: 3949.612 GC heap before
{Heap before GC invocations=366 (full 343):
 garbage-first heap   total 91136K, used 39650K [0x00000000c0000000, 0x0000000100000000)
  region size 1024K, 1 young (1024K), 0 survivors (0K)
 Metaspace       used 61179K, committed 61760K, reserved 1114112K
  class space    used 7678K, committed 7936K, reserved 1048576K
}
Event: 3949.639 GC heap after
{Heap after GC invocations=367 (full 344):
 garbage-first heap   total 91136K, used 39650K [0x00000000c0000000, 0x0000000100000000)
  region size 1024K, 0 young (0K), 0 survivors (0K)
 Metaspace       used 61179K, committed 61760K, reserved 1114112K
  class space    used 7678K, committed 7936K, reserved 1048576K
}

