# JRE version: OpenJDK Runtime Environment Temurin-17.0.10+7 (17.0.10+7) (build 17.0.10+7)
# Java VM: OpenJDK 64-Bit Server VM Temurin-17.0.10+7 (17.0.10+7, mixed mode, tiered, compressed oops, compressed class ptrs, g1 gc, windows-amd64)
GC Precious Log:
 CPUs: 12 total, 12 available
 Memory: 7798M
 Large Page Support: Disabled
 NUMA Support: Disabled
 Compressed Oops: Enabled (32-bit)
 Heap Region Size: 1M
 Heap Min Capacity: 8M
 Heap Initial Capacity: 122M
 Heap Max Capacity: 1950M
 Pre-touch: Disabled
 Parallel Workers: 10
 Concurrent Workers: 3
 Concurrent Refinement Workers: 10
 Periodic GC: Disabled
Heap:
 garbage-first heap   total 51200K, used 32030K [0x0000000086200000, 0x0000000100000000)
  region size 1024K, 16 young (16384K), 3 survivors (3072K)
 Metaspace       used 35274K, committed 35712K, reserved 1114112K
  class space    used 4454K, committed 4672K, reserved 1048576K
GC Heap History (14 events):
Event: 0.831 GC heap before
{Heap before GC invocations=0 (full 0):
 garbage-first heap   total 124928K, used 26624K [0x0000000086200000, 0x0000000100000000)
  region size 1024K, 23 young (23552K), 0 survivors (0K)
 Metaspace       used 10756K, committed 10944K, reserved 1114112K
  class space    used 1136K, committed 1216K, reserved 1048576K
}
Event: 0.839 GC heap after
{Heap after GC invocations=1 (full 0):
 garbage-first heap   total 124928K, used 11200K [0x0000000086200000, 0x0000000100000000)
  region size 1024K, 3 young (3072K), 3 survivors (3072K)
 Metaspace       used 10756K, committed 10944K, reserved 1114112K
  class space    used 1136K, committed 1216K, reserved 1048576K
}
Event: 1.349 GC heap before
{Heap before GC invocations=1 (full 0):
 garbage-first heap   total 124928K, used 35776K [0x0000000086200000, 0x0000000100000000)
  region size 1024K, 28 young (28672K), 3 survivors (3072K)
 Metaspace       used 17281K, committed 17536K, reserved 1114112K
  class space    used 1985K, committed 2112K, reserved 1048576K
}
Event: 1.352 GC heap after
{Heap after GC invocations=2 (full 0):
 garbage-first heap   total 124928K, used 12836K [0x0000000086200000, 0x0000000100000000)
  region size 1024K, 3 young (3072K), 3 survivors (3072K)
 Metaspace       used 17281K, committed 17536K, reserved 1114112K
  class space    used 1985K, committed 2112K, reserved 1048576K
}
Event: 1.505 GC heap before
{Heap before GC invocations=2 (full 0):
 garbage-first heap   total 124928K, used 26148K [0x0000000086200000, 0x0000000100000000)
  region size 1024K, 18 young (18432K), 3 survivors (3072K)
 Metaspace       used 21294K, committed 21504K, reserved 1114112K
  class space    used 2440K, committed 2560K, reserved 1048576K
}
Event: 1.507 GC heap after
{Heap after GC invocations=3 (full 0):
 garbage-first heap   total 124928K, used 14210K [0x0000000086200000, 0x0000000100000000)
  region size 1024K, 4 young (4096K), 4 survivors (4096K)
 Metaspace       used 21294K, committed 21504K, reserved 1114112K
  class space    used 2440K, committed 2560K, reserved 1048576K
}
Event: 1.818 GC heap before
{Heap before GC invocations=4 (full 0):
 garbage-first heap   total 51200K, used 36738K [0x0000000086200000, 0x0000000100000000)
  region size 1024K, 28 young (28672K), 4 survivors (4096K)
 Metaspace       used 25995K, committed 26304K, reserved 1114112K
  class space    used 3041K, committed 3200K, reserved 1048576K
}
Event: 1.822 GC heap after
{Heap after GC invocations=5 (full 0):
 garbage-first heap   total 51200K, used 16057K [0x0000000086200000, 0x0000000100000000)
  region size 1024K, 4 young (4096K), 4 survivors (4096K)
 Metaspace       used 25995K, committed 26304K, reserved 1114112K
  class space    used 3041K, committed 3200K, reserved 1048576K
}
Event: 2.082 GC heap before
{Heap before GC invocations=5 (full 0):
 garbage-first heap   total 51200K, used 34489K [0x0000000086200000, 0x0000000100000000)
  region size 1024K, 22 young (22528K), 4 survivors (4096K)
 Metaspace       used 27160K, committed 27456K, reserved 1114112K
  class space    used 3164K, committed 3328K, reserved 1048576K
}
Event: 2.085 GC heap after
{Heap after GC invocations=6 (full 0):
 garbage-first heap   total 51200K, used 17045K [0x0000000086200000, 0x0000000100000000)
  region size 1024K, 2 young (2048K), 2 survivors (2048K)
 Metaspace       used 27160K, committed 27456K, reserved 1114112K
  class space    used 3164K, committed 3328K, reserved 1048576K
}
Event: 2.458 GC heap before
{Heap before GC invocations=6 (full 0):
 garbage-first heap   total 51200K, used 36501K [0x0000000086200000, 0x0000000100000000)
  region size 1024K, 21 young (21504K), 2 survivors (2048K)
 Metaspace       used 30647K, committed 30976K, reserved 1114112K
  class space    used 3735K, committed 3904K, reserved 1048576K
}
Event: 2.460 GC heap after
{Heap after GC invocations=7 (full 0):
 garbage-first heap   total 51200K, used 18026K [0x0000000086200000, 0x0000000100000000)
  region size 1024K, 3 young (3072K), 3 survivors (3072K)
 Metaspace       used 30647K, committed 30976K, reserved 1114112K
  class space    used 3735K, committed 3904K, reserved 1048576K
}
Event: 2.844 GC heap before
{Heap before GC invocations=7 (full 0):
 garbage-first heap   total 51200K, used 37482K [0x0000000086200000, 0x0000000100000000)
  region size 1024K, 22 young (22528K), 3 survivors (3072K)
 Metaspace       used 33258K, committed 33600K, reserved 1114112K
  class space    used 4117K, committed 4288K, reserved 1048576K
}
Event: 2.847 GC heap after
{Heap after GC invocations=8 (full 0):
 garbage-first heap   total 51200K, used 19742K [0x0000000086200000, 0x0000000100000000)
  region size 1024K, 3 young (3072K), 3 survivors (3072K)
 Metaspace       used 33258K, committed 33600K, reserved 1114112K
  class space    used 4117K, committed 4288K, reserved 1048576K
}

